Setting top to                           : /tmp/se/flowcanvas-0.7.1 
Setting out to                           : /tmp/se/flowcanvas-0.7.1/build 
Global Configuration 
Checking for 'gcc' (c compiler)               : ok 
Checking for 'g++' (c++ compiler)             : ok 
 * Install prefix                             : /usr 
 * Debuggable build                           : False 
 * Strict compiler flags                      : False 
 * Build documentation                        : False 
FlowCanvas Configuration 
Checking for program pkg-config               : /usr/bin/pkg-config 
Checking for 'libgvc' >= 2.8                  : not found 
Checking for 'gtkmm-2.4' >= 2.10.0            : yes 
Checking for 'libgnomecanvasmm-2.6' >= 2.6.0  : yes 
Checking for header boost/shared_ptr.hpp      : yes 
Checking for header boost/weak_ptr.hpp        : yes 
 * Auto-arrange                               : False 
 * Anti-Aliasing                              : True 
'configure' finished successfully (2.314s)
Waf: Entering directory `/tmp/se/flowcanvas-0.7.1/build'
[ 1/10] subst: flowcanvas.pc.in -> build/flowcanvas.pc
[ 2/10] cxx: src/Canvas.cpp -> build/src/Canvas.cpp.1.o
[ 3/10] cxx: src/Connectable.cpp -> build/src/Connectable.cpp.1.o
[ 4/10] cxx: src/Connection.cpp -> build/src/Connection.cpp.1.o
[ 5/10] cxx: src/Ellipse.cpp -> build/src/Ellipse.cpp.1.o
[ 6/10] cxx: src/Item.cpp -> build/src/Item.cpp.1.o
[ 7/10] cxx: src/Module.cpp -> build/src/Module.cpp.1.o
[ 8/10] cxx: src/Port.cpp -> build/src/Port.cpp.1.o
[ 9/10] cxxshlib: build/src/Canvas.cpp.1.o build/src/Connectable.cpp.1.o build/src/Connection.cpp.1.o build/src/Ellipse.cpp.1.o build/src/Item.cpp.1.o build/src/Module.cpp.1.o build/src/Port.cpp.1.o -> build/libflowcanvas.so
[10/10] vnum: build/libflowcanvas.so -> build/libflowcanvas.so.5 build/libflowcanvas.so.5.1.0
Waf: Leaving directory `/tmp/se/flowcanvas-0.7.1/build'
'build' finished successfully (16.960s)
Waf: Entering directory `/tmp/se/flowcanvas-0.7.1/build'
+ install /tmp/se/package-flowcanvas/usr/include/flowcanvas/Canvas.hpp (from flowcanvas/Canvas.hpp)
+ install /tmp/se/package-flowcanvas/usr/include/flowcanvas/Connectable.hpp (from flowcanvas/Connectable.hpp)
+ install /tmp/se/package-flowcanvas/usr/include/flowcanvas/Connection.hpp (from flowcanvas/Connection.hpp)
+ install /tmp/se/package-flowcanvas/usr/include/flowcanvas/Ellipse.hpp (from flowcanvas/Ellipse.hpp)
+ install /tmp/se/package-flowcanvas/usr/lib64/pkgconfig/flowcanvas.pc (from build/flowcanvas.pc)
+ install /tmp/se/package-flowcanvas/usr/include/flowcanvas/Item.hpp (from flowcanvas/Item.hpp)
+ install /tmp/se/package-flowcanvas/usr/include/flowcanvas/Module.hpp (from flowcanvas/Module.hpp)
+ install /tmp/se/package-flowcanvas/usr/include/flowcanvas/Port.hpp (from flowcanvas/Port.hpp)
+ install /tmp/se/package-flowcanvas/usr/include/flowcanvas/flowcanvas.hpp (from flowcanvas/flowcanvas.hpp)
+ install /tmp/se/package-flowcanvas/usr/include/flowcanvas/types.hpp (from flowcanvas/types.hpp)
+ install /tmp/se/package-flowcanvas/usr/lib64/libflowcanvas.so.5.1.0 (from build/libflowcanvas.so)
+ symlink /tmp/se/package-flowcanvas/usr/lib64/libflowcanvas.so.5 (to libflowcanvas.so.5.1.0)
+ symlink /tmp/se/package-flowcanvas/usr/lib64/libflowcanvas.so (to libflowcanvas.so.5.1.0)
Waf: Leaving directory `/tmp/se/flowcanvas-0.7.1/build'
'install' finished successfully (0.116s)
./
usr/
usr/include/
usr/include/flowcanvas/
usr/include/flowcanvas/Item.hpp
usr/include/flowcanvas/Ellipse.hpp
usr/include/flowcanvas/Connectable.hpp
usr/include/flowcanvas/Port.hpp
usr/include/flowcanvas/Module.hpp
usr/include/flowcanvas/Connection.hpp
usr/include/flowcanvas/types.hpp
usr/include/flowcanvas/Canvas.hpp
usr/include/flowcanvas/flowcanvas.hpp
usr/lib64/
usr/lib64/pkgconfig/
usr/lib64/pkgconfig/flowcanvas.pc
usr/lib64/libflowcanvas.so.5.1.0
usr/doc/
usr/doc/flowcanvas-0.7.1/
usr/doc/flowcanvas-0.7.1/flowcanvas.SlackBuild
usr/doc/flowcanvas-0.7.1/AUTHORS
usr/doc/flowcanvas-0.7.1/doc/
usr/doc/flowcanvas-0.7.1/doc/port_offsets.dia
usr/doc/flowcanvas-0.7.1/doc/mainpage.dox
usr/doc/flowcanvas-0.7.1/doc/reference.doxygen.in
usr/doc/flowcanvas-0.7.1/ChangeLog
usr/doc/flowcanvas-0.7.1/README
usr/doc/flowcanvas-0.7.1/COPYING
install/
install/doinst.sh
install/slack-desc
