jf_meters.c: In function ‘gfx_thread_jf’:
jf_meters.c:69:23: warning: variable ‘ym1’ set but not used [-Wunused-but-set-variable]
    int x=0, y=0, xm1, ym1;
                       ^
jf_meters.c:69:18: warning: variable ‘xm1’ set but not used [-Wunused-but-set-variable]
    int x=0, y=0, xm1, ym1;
                  ^
In file included from jf_meters.c:7:0:
jf_meters.c: At top level:
linedraw.h:4:13: warning: inline function ‘set_rgba’ declared but never defined
 inline void set_rgba(SDL_Surface *surface, Uint32 x, Uint32 y, Uint32 col);
             ^
main.c: In function ‘main’:
main.c:216:2: warning: ‘jack_client_new’ is deprecated [-Wdeprecated-declarations]
  if ((client = jack_client_new(client_name)) == 0) {
  ^
In file included from main.c:10:0:
/usr/include/jack/jack.h:127:17: note: declared here
 jack_client_t * jack_client_new (const char *client_name) JACK_OPTIONAL_WEAK_DEPRECATED_EXPORT;
                 ^
In file included from vu_meters.c:7:0:
linedraw.h:4:13: warning: inline function ‘set_rgba’ declared but never defined
 inline void set_rgba(SDL_Surface *surface, Uint32 x, Uint32 y, Uint32 col);
             ^
In file included from ppm_meters.c:7:0:
linedraw.h:4:13: warning: inline function ‘set_rgba’ declared but never defined
 inline void set_rgba(SDL_Surface *surface, Uint32 x, Uint32 y, Uint32 col);
             ^
In file included from scope.c:7:0:
linedraw.h:4:13: warning: inline function ‘set_rgba’ declared but never defined
 inline void set_rgba(SDL_Surface *surface, Uint32 x, Uint32 y, Uint32 col);
             ^
linedraw.o: In function `draw_line':
/tmp/se/meterbridge-0.9.2/src/linedraw.c:64: undefined reference to `set_rgba'
linedraw.o: In function `draw_ptr':
/tmp/se/meterbridge-0.9.2/src/linedraw.c:131: undefined reference to `set_rgba'
/tmp/se/meterbridge-0.9.2/src/linedraw.c:137: undefined reference to `set_rgba'
/tmp/se/meterbridge-0.9.2/src/linedraw.c:139: undefined reference to `set_rgba'
jf_meters.o: In function `gfx_thread_jf':
/tmp/se/meterbridge-0.9.2/src/jf_meters.c:105: undefined reference to `set_rgba'
collect2: error: ld returned 1 exit status
make[2]: *** [meterbridge] Error 1
make[1]: *** [all] Error 2
make: *** [all-recursive] Error 1
